<?xml version="1.0" encoding="UTF-8"?>
<testsuite name="es.udc.reunions.web.rest.DocumentoResourceIntTest" time="1.047" tests="9" errors="2" skipped="0" failures="0">
  <properties>
[...]
</properties>
  <testcase name="updateDocumento" classname="es.udc.reunions.web.rest.DocumentoResourceIntTest" time="0.43"/>
  <testcase name="checkArchivoIsRequired" classname="es.udc.reunions.web.rest.DocumentoResourceIntTest" time="0.107"/>
  <testcase name="searchDocumento" classname="es.udc.reunions.web.rest.DocumentoResourceIntTest" time="0.12"/>
  <testcase name="getNonExistingDocumento" classname="es.udc.reunions.web.rest.DocumentoResourceIntTest" time="0.108"/>
  <testcase name="createDocumento" classname="es.udc.reunions.web.rest.DocumentoResourceIntTest" time="0.035">
    <error message="Request processing failed; nested exception is java.lang.NullPointerException" type="org.springframework.web.util.NestedServletException">org.springframework.web.util.NestedServletException: Request processing failed; nested exception is java.lang.NullPointerException
	at es.udc.reunions.web.rest.DocumentoResource.createDocumento(DocumentoResource.java:70)
	at sun.reflect.NativeMethodAccessorImpl.invoke0(Native Method)
	at sun.reflect.NativeMethodAccessorImpl.invoke(NativeMethodAccessorImpl.java:62)
	at sun.reflect.DelegatingMethodAccessorImpl.invoke(DelegatingMethodAccessorImpl.java:43)
	at java.lang.reflect.Method.invoke(Method.java:498)
	at org.springframework.web.method.support.InvocableHandlerMethod.doInvoke(InvocableHandlerMethod.java:221)
	at org.springframework.web.method.support.InvocableHandlerMethod.invokeForRequest(InvocableHandlerMethod.java:136)
	at org.springframework.web.servlet.mvc.method.annotation.ServletInvocableHandlerMethod.invokeAndHandle(ServletInvocableHandlerMethod.java:114)
	at org.springframework.web.servlet.mvc.method.annotation.RequestMappingHandlerAdapter.invokeHandlerMethod(RequestMappingHandlerAdapter.java:827)
	at org.springframework.web.servlet.mvc.method.annotation.RequestMappingHandlerAdapter.handleInternal(RequestMappingHandlerAdapter.java:738)
	at org.springframework.web.servlet.mvc.method.AbstractHandlerMethodAdapter.handle(AbstractHandlerMethodAdapter.java:85)
	at org.springframework.web.servlet.DispatcherServlet.doDispatch(DispatcherServlet.java:963)
	at org.springframework.web.servlet.DispatcherServlet.doService(DispatcherServlet.java:897)
	at org.springframework.web.servlet.FrameworkServlet.processRequest(FrameworkServlet.java:970)
	at org.springframework.web.servlet.FrameworkServlet.doPost(FrameworkServlet.java:872)
	at javax.servlet.http.HttpServlet.service(HttpServlet.java:707)
	at org.springframework.web.servlet.FrameworkServlet.service(FrameworkServlet.java:846)
	at org.springframework.test.web.servlet.TestDispatcherServlet.service(TestDispatcherServlet.java:65)
	at javax.servlet.http.HttpServlet.service(HttpServlet.java:790)
	at org.springframework.mock.web.MockFilterChain$ServletFilterProxy.doFilter(MockFilterChain.java:167)
	at org.springframework.mock.web.MockFilterChain.doFilter(MockFilterChain.java:134)
	at org.springframework.test.web.servlet.MockMvc.perform(MockMvc.java:155)
	at es.udc.reunions.web.rest.DocumentoResourceIntTest.createDocumento(DocumentoResourceIntTest.java:114)
</error>
    <system-out><![CDATA[Hibernate: insert into grupo (id, nombre) values (null, ?)
Hibernate: insert into organo (id, descripcion, grupo_id, nombre) values (null, ?, ?, ?)
Hibernate: insert into sesion (id, descripcion, lugar, numero, organo_id, primera_convocatoria, segunda_convocatoria) values (null, ?, ?, ?, ?, ?, ?)
Hibernate: select documento0_.id as id1_1_, documento0_.archivo as archivo2_1_, documento0_.archivo_content_type as archivo_3_1_, documento0_.nombre as nombre4_1_, documento0_.sesion_id as sesion_i5_1_ from documento documento0_
2017-11-19 19:19:27.385 DEBUG 13603 --- [           main] e.u.reunions.web.rest.DocumentoResource  : REST request to save Documento : Documento{id=null, nombre='AAAAA', archivo='[B@6482a553', archivoContentType='image/jpg'}
]]></system-out>
  </testcase>
  <testcase name="getDocumento" classname="es.udc.reunions.web.rest.DocumentoResourceIntTest" time="0.021"/>
  <testcase name="checkNombreIsRequired" classname="es.udc.reunions.web.rest.DocumentoResourceIntTest" time="0.033"/>
  <testcase name="deleteDocumento" classname="es.udc.reunions.web.rest.DocumentoResourceIntTest" time="0.106">
    <error message="Request processing failed; nested exception is java.lang.NullPointerException" type="org.springframework.web.util.NestedServletException">org.springframework.web.util.NestedServletException: Request processing failed; nested exception is java.lang.NullPointerException
	at es.udc.reunions.web.rest.DocumentoResource.deleteDocumento(DocumentoResource.java:164)
	at sun.reflect.NativeMethodAccessorImpl.invoke0(Native Method)
	at sun.reflect.NativeMethodAccessorImpl.invoke(NativeMethodAccessorImpl.java:62)
	at sun.reflect.DelegatingMethodAccessorImpl.invoke(DelegatingMethodAccessorImpl.java:43)
	at java.lang.reflect.Method.invoke(Method.java:498)
	at org.springframework.web.method.support.InvocableHandlerMethod.doInvoke(InvocableHandlerMethod.java:221)
	at org.springframework.web.method.support.InvocableHandlerMethod.invokeForRequest(InvocableHandlerMethod.java:136)
	at org.springframework.web.servlet.mvc.method.annotation.ServletInvocableHandlerMethod.invokeAndHandle(ServletInvocableHandlerMethod.java:114)
	at org.springframework.web.servlet.mvc.method.annotation.RequestMappingHandlerAdapter.invokeHandlerMethod(RequestMappingHandlerAdapter.java:827)
	at org.springframework.web.servlet.mvc.method.annotation.RequestMappingHandlerAdapter.handleInternal(RequestMappingHandlerAdapter.java:738)
	at org.springframework.web.servlet.mvc.method.AbstractHandlerMethodAdapter.handle(AbstractHandlerMethodAdapter.java:85)
	at org.springframework.web.servlet.DispatcherServlet.doDispatch(DispatcherServlet.java:963)
	at org.springframework.web.servlet.DispatcherServlet.doService(DispatcherServlet.java:897)
	at org.springframework.web.servlet.FrameworkServlet.processRequest(FrameworkServlet.java:970)
	at org.springframework.web.servlet.FrameworkServlet.doDelete(FrameworkServlet.java:894)
	at javax.servlet.http.HttpServlet.service(HttpServlet.java:713)
	at org.springframework.web.servlet.FrameworkServlet.service(FrameworkServlet.java:846)
	at org.springframework.test.web.servlet.TestDispatcherServlet.service(TestDispatcherServlet.java:65)
	at javax.servlet.http.HttpServlet.service(HttpServlet.java:790)
	at org.springframework.mock.web.MockFilterChain$ServletFilterProxy.doFilter(MockFilterChain.java:167)
	at org.springframework.mock.web.MockFilterChain.doFilter(MockFilterChain.java:134)
	at org.springframework.test.web.servlet.MockMvc.perform(MockMvc.java:155)
	at es.udc.reunions.web.rest.DocumentoResourceIntTest.deleteDocumento(DocumentoResourceIntTest.java:250)
</error>
    <system-out><![CDATA[Hibernate: insert into grupo (id, nombre) values (null, ?)
Hibernate: insert into organo (id, descripcion, grupo_id, nombre) values (null, ?, ?, ?)
Hibernate: insert into sesion (id, descripcion, lugar, numero, organo_id, primera_convocatoria, segunda_convocatoria) values (null, ?, ?, ?, ?, ?, ?)
Hibernate: insert into documento (id, archivo, archivo_content_type, nombre, sesion_id) values (null, ?, ?, ?, ?)
Hibernate: select documento0_.id as id1_1_, documento0_.archivo as archivo2_1_, documento0_.archivo_content_type as archivo_3_1_, documento0_.nombre as nombre4_1_, documento0_.sesion_id as sesion_i5_1_ from documento documento0_
2017-11-19 19:19:27.607 DEBUG 13603 --- [           main] e.u.reunions.web.rest.DocumentoResource  : REST request to delete Documento : 4
]]></system-out>
  </testcase>
  <testcase name="getAllDocumentos" classname="es.udc.reunions.web.rest.DocumentoResourceIntTest" time="0.087"/>
</testsuite>